<?xml version="1.0" encoding="UTF-8"?>
<!-- Generated by org.testng.reporters.JUnitXMLReporter -->
<testsuite hostname="DESKTOP-U08CU62" ignored="1" name="NegativeLoginTest-CH" tests="5" failures="0" timestamp="01 июн 2020 08:17:21 GMT" time="7.419" errors="0">
  <testcase name="@BeforeMethod setUp" time="1.85" classname="com.crxmarkets.dev.qa2.base.BaseTest">
    <failure type="org.openqa.selenium.SessionNotCreatedException" message="session not created: This version of ChromeDriver only supports Chrome version 81
Build info: version: &amp;apos;3.14.0&amp;apos;, revision: &amp;apos;aacccce0&amp;apos;, time: &amp;apos;2018-08-02T20:19:58.91Z&amp;apos;
System info: host: &amp;apos;DESKTOP-U08CU62&amp;apos;, ip: &amp;apos;192.168.1.33&amp;apos;, os.name: &amp;apos;Windows 10&amp;apos;, os.arch: &amp;apos;amd64&amp;apos;, os.version: &amp;apos;10.0&amp;apos;, java.version: &amp;apos;1.8.0_251&amp;apos;
Driver info: driver.version: ChromeDriver
remote stacktrace: Backtrace:
	Ordinal0 [0x005F5F73+2449267]
	Ordinal0 [0x00528361+1606497]
	Ordinal0 [0x0041F969+522601]
	Ordinal0 [0x003B05F3+67059]
	Ordinal0 [0x003ACD92+52626]
	Ordinal0 [0x003CC127+180519]
	Ordinal0 [0x003CBF2D+180013]
	Ordinal0 [0x003C9E5B+171611]
	Ordinal0 [0x003B1DD8+73176]
	Ordinal0 [0x003B2E50+77392]
	Ordinal0 [0x003B2DE9+77289]
	Ordinal0 [0x0053D8D7+1693911]
	GetHandleVerifier [0x00694036+522726]
	GetHandleVerifier [0x00693D74+522020]
	GetHandleVerifier [0x006A9187+609079]
	GetHandleVerifier [0x006948A6+524886]
	Ordinal0 [0x00535CBC+1662140]
	Ordinal0 [0x0053F23B+1700411]
	Ordinal0 [0x0053F3A3+1700771]
	Ordinal0 [0x00555215+1790485]
	BaseThreadInitThunk [0x76326359+25]
	RtlGetAppContainerNamedObjectPath [0x774C7C24+228]
	RtlGetAppContainerNamedObjectPath [0x774C7BF4+180]
">
      <![CDATA[org.openqa.selenium.SessionNotCreatedException: session not created: This version of ChromeDriver only supports Chrome version 81
Build info: version: '3.14.0', revision: 'aacccce0', time: '2018-08-02T20:19:58.91Z'
System info: host: 'DESKTOP-U08CU62', ip: '192.168.1.33', os.name: 'Windows 10', os.arch: 'amd64', os.version: '10.0', java.version: '1.8.0_251'
Driver info: driver.version: ChromeDriver
remote stacktrace: Backtrace:
Ordinal0 [0x005F5F73+2449267]
Ordinal0 [0x00528361+1606497]
Ordinal0 [0x0041F969+522601]
Ordinal0 [0x003B05F3+67059]
Ordinal0 [0x003ACD92+52626]
Ordinal0 [0x003CC127+180519]
Ordinal0 [0x003CBF2D+180013]
Ordinal0 [0x003C9E5B+171611]
Ordinal0 [0x003B1DD8+73176]
Ordinal0 [0x003B2E50+77392]
Ordinal0 [0x003B2DE9+77289]
Ordinal0 [0x0053D8D7+1693911]
GetHandleVerifier [0x00694036+522726]
GetHandleVerifier [0x00693D74+522020]
GetHandleVerifier [0x006A9187+609079]
GetHandleVerifier [0x006948A6+524886]
Ordinal0 [0x00535CBC+1662140]
Ordinal0 [0x0053F23B+1700411]
Ordinal0 [0x0053F3A3+1700771]
Ordinal0 [0x00555215+1790485]
BaseThreadInitThunk [0x76326359+25]
RtlGetAppContainerNamedObjectPath [0x774C7C24+228]
RtlGetAppContainerNamedObjectPath [0x774C7BF4+180]

at org.openqa.selenium.remote.W3CHandshakeResponse.lambda$new$0(W3CHandshakeResponse.java:57)
at org.openqa.selenium.remote.W3CHandshakeResponse.lambda$getResponseFunction$2(W3CHandshakeResponse.java:104)
at org.openqa.selenium.remote.ProtocolHandshake.lambda$createSession$0(ProtocolHandshake.java:122)
at java.util.stream.ReferencePipeline$3$1.accept(Unknown Source)
at java.util.Spliterators$ArraySpliterator.tryAdvance(Unknown Source)
at java.util.stream.ReferencePipeline.forEachWithCancel(Unknown Source)
at java.util.stream.AbstractPipeline.copyIntoWithCancel(Unknown Source)
at java.util.stream.AbstractPipeline.copyInto(Unknown Source)
at java.util.stream.AbstractPipeline.wrapAndCopyInto(Unknown Source)
at java.util.stream.FindOps$FindOp.evaluateSequential(Unknown Source)
at java.util.stream.AbstractPipeline.evaluate(Unknown Source)
at java.util.stream.ReferencePipeline.findFirst(Unknown Source)
at org.openqa.selenium.remote.ProtocolHandshake.createSession(ProtocolHandshake.java:125)
at org.openqa.selenium.remote.ProtocolHandshake.createSession(ProtocolHandshake.java:73)
at org.openqa.selenium.remote.HttpCommandExecutor.execute(HttpCommandExecutor.java:136)
at org.openqa.selenium.remote.service.DriverCommandExecutor.execute(DriverCommandExecutor.java:83)
at org.openqa.selenium.remote.RemoteWebDriver.execute(RemoteWebDriver.java:548)
at org.openqa.selenium.remote.RemoteWebDriver.startSession(RemoteWebDriver.java:212)
at org.openqa.selenium.remote.RemoteWebDriver.<init>(RemoteWebDriver.java:130)
at org.openqa.selenium.chrome.ChromeDriver.<init>(ChromeDriver.java:181)
at org.openqa.selenium.chrome.ChromeDriver.<init>(ChromeDriver.java:168)
at org.openqa.selenium.chrome.ChromeDriver.<init>(ChromeDriver.java:123)
at com.crxmarkets.dev.qa2.base.BrowserDriverFactory.createDriver(BrowserDriverFactory.java:30)
at com.crxmarkets.dev.qa2.base.BaseTest.setUp(BaseTest.java:40)
at java.util.concurrent.FutureTask.run(Unknown Source)
at java.util.concurrent.ThreadPoolExecutor.runWorker(Unknown Source)
at java.util.concurrent.ThreadPoolExecutor$Worker.run(Unknown Source)
at java.lang.Thread.run(Unknown Source)
... Removed 23 stack frames]]>
    </failure>
  </testcase> <!-- @BeforeMethod setUp -->
  <testcase name="@AfterMethod tearDown" time="0.001" classname="com.crxmarkets.dev.qa2.base.BaseTest">
    <failure type="java.lang.NullPointerException">
      <![CDATA[java.lang.NullPointerException
at com.crxmarkets.dev.qa2.base.BaseTest.tearDown(BaseTest.java:59)
at java.util.concurrent.FutureTask.run(Unknown Source)
at java.util.concurrent.ThreadPoolExecutor.runWorker(Unknown Source)
at java.util.concurrent.ThreadPoolExecutor$Worker.run(Unknown Source)
at java.lang.Thread.run(Unknown Source)
... Removed 19 stack frames]]>
    </failure>
  </testcase> <!-- @AfterMethod tearDown -->
  <testcase name="@BeforeMethod setUp" time="1.093" classname="com.crxmarkets.dev.qa2.base.BaseTest">
    <failure type="org.openqa.selenium.SessionNotCreatedException" message="session not created: This version of ChromeDriver only supports Chrome version 81
Build info: version: &amp;apos;3.14.0&amp;apos;, revision: &amp;apos;aacccce0&amp;apos;, time: &amp;apos;2018-08-02T20:19:58.91Z&amp;apos;
System info: host: &amp;apos;DESKTOP-U08CU62&amp;apos;, ip: &amp;apos;192.168.1.33&amp;apos;, os.name: &amp;apos;Windows 10&amp;apos;, os.arch: &amp;apos;amd64&amp;apos;, os.version: &amp;apos;10.0&amp;apos;, java.version: &amp;apos;1.8.0_251&amp;apos;
Driver info: driver.version: ChromeDriver
remote stacktrace: Backtrace:
	Ordinal0 [0x005F5F73+2449267]
	Ordinal0 [0x00528361+1606497]
	Ordinal0 [0x0041F969+522601]
	Ordinal0 [0x003B05F3+67059]
	Ordinal0 [0x003ACD92+52626]
	Ordinal0 [0x003CC127+180519]
	Ordinal0 [0x003CBF2D+180013]
	Ordinal0 [0x003C9E5B+171611]
	Ordinal0 [0x003B1DD8+73176]
	Ordinal0 [0x003B2E50+77392]
	Ordinal0 [0x003B2DE9+77289]
	Ordinal0 [0x0053D8D7+1693911]
	GetHandleVerifier [0x00694036+522726]
	GetHandleVerifier [0x00693D74+522020]
	GetHandleVerifier [0x006A9187+609079]
	GetHandleVerifier [0x006948A6+524886]
	Ordinal0 [0x00535CBC+1662140]
	Ordinal0 [0x0053F23B+1700411]
	Ordinal0 [0x0053F3A3+1700771]
	Ordinal0 [0x00555215+1790485]
	BaseThreadInitThunk [0x76326359+25]
	RtlGetAppContainerNamedObjectPath [0x774C7C24+228]
	RtlGetAppContainerNamedObjectPath [0x774C7BF4+180]
">
      <![CDATA[org.openqa.selenium.SessionNotCreatedException: session not created: This version of ChromeDriver only supports Chrome version 81
Build info: version: '3.14.0', revision: 'aacccce0', time: '2018-08-02T20:19:58.91Z'
System info: host: 'DESKTOP-U08CU62', ip: '192.168.1.33', os.name: 'Windows 10', os.arch: 'amd64', os.version: '10.0', java.version: '1.8.0_251'
Driver info: driver.version: ChromeDriver
remote stacktrace: Backtrace:
Ordinal0 [0x005F5F73+2449267]
Ordinal0 [0x00528361+1606497]
Ordinal0 [0x0041F969+522601]
Ordinal0 [0x003B05F3+67059]
Ordinal0 [0x003ACD92+52626]
Ordinal0 [0x003CC127+180519]
Ordinal0 [0x003CBF2D+180013]
Ordinal0 [0x003C9E5B+171611]
Ordinal0 [0x003B1DD8+73176]
Ordinal0 [0x003B2E50+77392]
Ordinal0 [0x003B2DE9+77289]
Ordinal0 [0x0053D8D7+1693911]
GetHandleVerifier [0x00694036+522726]
GetHandleVerifier [0x00693D74+522020]
GetHandleVerifier [0x006A9187+609079]
GetHandleVerifier [0x006948A6+524886]
Ordinal0 [0x00535CBC+1662140]
Ordinal0 [0x0053F23B+1700411]
Ordinal0 [0x0053F3A3+1700771]
Ordinal0 [0x00555215+1790485]
BaseThreadInitThunk [0x76326359+25]
RtlGetAppContainerNamedObjectPath [0x774C7C24+228]
RtlGetAppContainerNamedObjectPath [0x774C7BF4+180]

at org.openqa.selenium.remote.W3CHandshakeResponse.lambda$new$0(W3CHandshakeResponse.java:57)
at org.openqa.selenium.remote.W3CHandshakeResponse.lambda$getResponseFunction$2(W3CHandshakeResponse.java:104)
at org.openqa.selenium.remote.ProtocolHandshake.lambda$createSession$0(ProtocolHandshake.java:122)
at java.util.stream.ReferencePipeline$3$1.accept(Unknown Source)
at java.util.Spliterators$ArraySpliterator.tryAdvance(Unknown Source)
at java.util.stream.ReferencePipeline.forEachWithCancel(Unknown Source)
at java.util.stream.AbstractPipeline.copyIntoWithCancel(Unknown Source)
at java.util.stream.AbstractPipeline.copyInto(Unknown Source)
at java.util.stream.AbstractPipeline.wrapAndCopyInto(Unknown Source)
at java.util.stream.FindOps$FindOp.evaluateSequential(Unknown Source)
at java.util.stream.AbstractPipeline.evaluate(Unknown Source)
at java.util.stream.ReferencePipeline.findFirst(Unknown Source)
at org.openqa.selenium.remote.ProtocolHandshake.createSession(ProtocolHandshake.java:125)
at org.openqa.selenium.remote.ProtocolHandshake.createSession(ProtocolHandshake.java:73)
at org.openqa.selenium.remote.HttpCommandExecutor.execute(HttpCommandExecutor.java:136)
at org.openqa.selenium.remote.service.DriverCommandExecutor.execute(DriverCommandExecutor.java:83)
at org.openqa.selenium.remote.RemoteWebDriver.execute(RemoteWebDriver.java:548)
at org.openqa.selenium.remote.RemoteWebDriver.startSession(RemoteWebDriver.java:212)
at org.openqa.selenium.remote.RemoteWebDriver.<init>(RemoteWebDriver.java:130)
at org.openqa.selenium.chrome.ChromeDriver.<init>(ChromeDriver.java:181)
at org.openqa.selenium.chrome.ChromeDriver.<init>(ChromeDriver.java:168)
at org.openqa.selenium.chrome.ChromeDriver.<init>(ChromeDriver.java:123)
at com.crxmarkets.dev.qa2.base.BrowserDriverFactory.createDriver(BrowserDriverFactory.java:30)
at com.crxmarkets.dev.qa2.base.BaseTest.setUp(BaseTest.java:40)
at java.util.concurrent.FutureTask.run(Unknown Source)
at java.util.concurrent.ThreadPoolExecutor.runWorker(Unknown Source)
at java.util.concurrent.ThreadPoolExecutor$Worker.run(Unknown Source)
at java.lang.Thread.run(Unknown Source)
... Removed 23 stack frames]]>
    </failure>
  </testcase> <!-- @BeforeMethod setUp -->
  <testcase name="@AfterMethod tearDown" time="0.001" classname="com.crxmarkets.dev.qa2.base.BaseTest">
    <failure type="java.lang.NullPointerException">
      <![CDATA[java.lang.NullPointerException
at com.crxmarkets.dev.qa2.base.BaseTest.tearDown(BaseTest.java:59)
at java.util.concurrent.FutureTask.run(Unknown Source)
at java.util.concurrent.ThreadPoolExecutor.runWorker(Unknown Source)
at java.util.concurrent.ThreadPoolExecutor$Worker.run(Unknown Source)
at java.lang.Thread.run(Unknown Source)
... Removed 19 stack frames]]>
    </failure>
  </testcase> <!-- @AfterMethod tearDown -->
  <testcase name="@BeforeMethod setUp" time="1.582" classname="com.crxmarkets.dev.qa2.base.BaseTest">
    <failure type="org.openqa.selenium.SessionNotCreatedException" message="session not created: This version of ChromeDriver only supports Chrome version 81
Build info: version: &amp;apos;3.14.0&amp;apos;, revision: &amp;apos;aacccce0&amp;apos;, time: &amp;apos;2018-08-02T20:19:58.91Z&amp;apos;
System info: host: &amp;apos;DESKTOP-U08CU62&amp;apos;, ip: &amp;apos;192.168.1.33&amp;apos;, os.name: &amp;apos;Windows 10&amp;apos;, os.arch: &amp;apos;amd64&amp;apos;, os.version: &amp;apos;10.0&amp;apos;, java.version: &amp;apos;1.8.0_251&amp;apos;
Driver info: driver.version: ChromeDriver
remote stacktrace: Backtrace:
	Ordinal0 [0x005F5F73+2449267]
	Ordinal0 [0x00528361+1606497]
	Ordinal0 [0x0041F969+522601]
	Ordinal0 [0x003B05F3+67059]
	Ordinal0 [0x003ACD92+52626]
	Ordinal0 [0x003CC127+180519]
	Ordinal0 [0x003CBF2D+180013]
	Ordinal0 [0x003C9E5B+171611]
	Ordinal0 [0x003B1DD8+73176]
	Ordinal0 [0x003B2E50+77392]
	Ordinal0 [0x003B2DE9+77289]
	Ordinal0 [0x0053D8D7+1693911]
	GetHandleVerifier [0x00694036+522726]
	GetHandleVerifier [0x00693D74+522020]
	GetHandleVerifier [0x006A9187+609079]
	GetHandleVerifier [0x006948A6+524886]
	Ordinal0 [0x00535CBC+1662140]
	Ordinal0 [0x0053F23B+1700411]
	Ordinal0 [0x0053F3A3+1700771]
	Ordinal0 [0x00555215+1790485]
	BaseThreadInitThunk [0x76326359+25]
	RtlGetAppContainerNamedObjectPath [0x774C7C24+228]
	RtlGetAppContainerNamedObjectPath [0x774C7BF4+180]
">
      <![CDATA[org.openqa.selenium.SessionNotCreatedException: session not created: This version of ChromeDriver only supports Chrome version 81
Build info: version: '3.14.0', revision: 'aacccce0', time: '2018-08-02T20:19:58.91Z'
System info: host: 'DESKTOP-U08CU62', ip: '192.168.1.33', os.name: 'Windows 10', os.arch: 'amd64', os.version: '10.0', java.version: '1.8.0_251'
Driver info: driver.version: ChromeDriver
remote stacktrace: Backtrace:
Ordinal0 [0x005F5F73+2449267]
Ordinal0 [0x00528361+1606497]
Ordinal0 [0x0041F969+522601]
Ordinal0 [0x003B05F3+67059]
Ordinal0 [0x003ACD92+52626]
Ordinal0 [0x003CC127+180519]
Ordinal0 [0x003CBF2D+180013]
Ordinal0 [0x003C9E5B+171611]
Ordinal0 [0x003B1DD8+73176]
Ordinal0 [0x003B2E50+77392]
Ordinal0 [0x003B2DE9+77289]
Ordinal0 [0x0053D8D7+1693911]
GetHandleVerifier [0x00694036+522726]
GetHandleVerifier [0x00693D74+522020]
GetHandleVerifier [0x006A9187+609079]
GetHandleVerifier [0x006948A6+524886]
Ordinal0 [0x00535CBC+1662140]
Ordinal0 [0x0053F23B+1700411]
Ordinal0 [0x0053F3A3+1700771]
Ordinal0 [0x00555215+1790485]
BaseThreadInitThunk [0x76326359+25]
RtlGetAppContainerNamedObjectPath [0x774C7C24+228]
RtlGetAppContainerNamedObjectPath [0x774C7BF4+180]

at org.openqa.selenium.remote.W3CHandshakeResponse.lambda$new$0(W3CHandshakeResponse.java:57)
at org.openqa.selenium.remote.W3CHandshakeResponse.lambda$getResponseFunction$2(W3CHandshakeResponse.java:104)
at org.openqa.selenium.remote.ProtocolHandshake.lambda$createSession$0(ProtocolHandshake.java:122)
at java.util.stream.ReferencePipeline$3$1.accept(Unknown Source)
at java.util.Spliterators$ArraySpliterator.tryAdvance(Unknown Source)
at java.util.stream.ReferencePipeline.forEachWithCancel(Unknown Source)
at java.util.stream.AbstractPipeline.copyIntoWithCancel(Unknown Source)
at java.util.stream.AbstractPipeline.copyInto(Unknown Source)
at java.util.stream.AbstractPipeline.wrapAndCopyInto(Unknown Source)
at java.util.stream.FindOps$FindOp.evaluateSequential(Unknown Source)
at java.util.stream.AbstractPipeline.evaluate(Unknown Source)
at java.util.stream.ReferencePipeline.findFirst(Unknown Source)
at org.openqa.selenium.remote.ProtocolHandshake.createSession(ProtocolHandshake.java:125)
at org.openqa.selenium.remote.ProtocolHandshake.createSession(ProtocolHandshake.java:73)
at org.openqa.selenium.remote.HttpCommandExecutor.execute(HttpCommandExecutor.java:136)
at org.openqa.selenium.remote.service.DriverCommandExecutor.execute(DriverCommandExecutor.java:83)
at org.openqa.selenium.remote.RemoteWebDriver.execute(RemoteWebDriver.java:548)
at org.openqa.selenium.remote.RemoteWebDriver.startSession(RemoteWebDriver.java:212)
at org.openqa.selenium.remote.RemoteWebDriver.<init>(RemoteWebDriver.java:130)
at org.openqa.selenium.chrome.ChromeDriver.<init>(ChromeDriver.java:181)
at org.openqa.selenium.chrome.ChromeDriver.<init>(ChromeDriver.java:168)
at org.openqa.selenium.chrome.ChromeDriver.<init>(ChromeDriver.java:123)
at com.crxmarkets.dev.qa2.base.BrowserDriverFactory.createDriver(BrowserDriverFactory.java:30)
at com.crxmarkets.dev.qa2.base.BaseTest.setUp(BaseTest.java:40)
at java.util.concurrent.FutureTask.run(Unknown Source)
at java.util.concurrent.ThreadPoolExecutor.runWorker(Unknown Source)
at java.util.concurrent.ThreadPoolExecutor$Worker.run(Unknown Source)
at java.lang.Thread.run(Unknown Source)
... Removed 23 stack frames]]>
    </failure>
  </testcase> <!-- @BeforeMethod setUp -->
  <testcase name="@AfterMethod tearDown" time="0.0" classname="com.crxmarkets.dev.qa2.base.BaseTest">
    <failure type="java.lang.NullPointerException">
      <![CDATA[java.lang.NullPointerException
at com.crxmarkets.dev.qa2.base.BaseTest.tearDown(BaseTest.java:59)
at java.util.concurrent.FutureTask.run(Unknown Source)
at java.util.concurrent.ThreadPoolExecutor.runWorker(Unknown Source)
at java.util.concurrent.ThreadPoolExecutor$Worker.run(Unknown Source)
at java.lang.Thread.run(Unknown Source)
... Removed 19 stack frames]]>
    </failure>
  </testcase> <!-- @AfterMethod tearDown -->
  <testcase name="@BeforeMethod setUp" time="1.286" classname="com.crxmarkets.dev.qa2.base.BaseTest">
    <failure type="org.openqa.selenium.SessionNotCreatedException" message="session not created: This version of ChromeDriver only supports Chrome version 81
Build info: version: &amp;apos;3.14.0&amp;apos;, revision: &amp;apos;aacccce0&amp;apos;, time: &amp;apos;2018-08-02T20:19:58.91Z&amp;apos;
System info: host: &amp;apos;DESKTOP-U08CU62&amp;apos;, ip: &amp;apos;192.168.1.33&amp;apos;, os.name: &amp;apos;Windows 10&amp;apos;, os.arch: &amp;apos;amd64&amp;apos;, os.version: &amp;apos;10.0&amp;apos;, java.version: &amp;apos;1.8.0_251&amp;apos;
Driver info: driver.version: ChromeDriver
remote stacktrace: Backtrace:
	Ordinal0 [0x005F5F73+2449267]
	Ordinal0 [0x00528361+1606497]
	Ordinal0 [0x0041F969+522601]
	Ordinal0 [0x003B05F3+67059]
	Ordinal0 [0x003ACD92+52626]
	Ordinal0 [0x003CC127+180519]
	Ordinal0 [0x003CBF2D+180013]
	Ordinal0 [0x003C9E5B+171611]
	Ordinal0 [0x003B1DD8+73176]
	Ordinal0 [0x003B2E50+77392]
	Ordinal0 [0x003B2DE9+77289]
	Ordinal0 [0x0053D8D7+1693911]
	GetHandleVerifier [0x00694036+522726]
	GetHandleVerifier [0x00693D74+522020]
	GetHandleVerifier [0x006A9187+609079]
	GetHandleVerifier [0x006948A6+524886]
	Ordinal0 [0x00535CBC+1662140]
	Ordinal0 [0x0053F23B+1700411]
	Ordinal0 [0x0053F3A3+1700771]
	Ordinal0 [0x00555215+1790485]
	BaseThreadInitThunk [0x76326359+25]
	RtlGetAppContainerNamedObjectPath [0x774C7C24+228]
	RtlGetAppContainerNamedObjectPath [0x774C7BF4+180]
">
      <![CDATA[org.openqa.selenium.SessionNotCreatedException: session not created: This version of ChromeDriver only supports Chrome version 81
Build info: version: '3.14.0', revision: 'aacccce0', time: '2018-08-02T20:19:58.91Z'
System info: host: 'DESKTOP-U08CU62', ip: '192.168.1.33', os.name: 'Windows 10', os.arch: 'amd64', os.version: '10.0', java.version: '1.8.0_251'
Driver info: driver.version: ChromeDriver
remote stacktrace: Backtrace:
Ordinal0 [0x005F5F73+2449267]
Ordinal0 [0x00528361+1606497]
Ordinal0 [0x0041F969+522601]
Ordinal0 [0x003B05F3+67059]
Ordinal0 [0x003ACD92+52626]
Ordinal0 [0x003CC127+180519]
Ordinal0 [0x003CBF2D+180013]
Ordinal0 [0x003C9E5B+171611]
Ordinal0 [0x003B1DD8+73176]
Ordinal0 [0x003B2E50+77392]
Ordinal0 [0x003B2DE9+77289]
Ordinal0 [0x0053D8D7+1693911]
GetHandleVerifier [0x00694036+522726]
GetHandleVerifier [0x00693D74+522020]
GetHandleVerifier [0x006A9187+609079]
GetHandleVerifier [0x006948A6+524886]
Ordinal0 [0x00535CBC+1662140]
Ordinal0 [0x0053F23B+1700411]
Ordinal0 [0x0053F3A3+1700771]
Ordinal0 [0x00555215+1790485]
BaseThreadInitThunk [0x76326359+25]
RtlGetAppContainerNamedObjectPath [0x774C7C24+228]
RtlGetAppContainerNamedObjectPath [0x774C7BF4+180]

at org.openqa.selenium.remote.W3CHandshakeResponse.lambda$new$0(W3CHandshakeResponse.java:57)
at org.openqa.selenium.remote.W3CHandshakeResponse.lambda$getResponseFunction$2(W3CHandshakeResponse.java:104)
at org.openqa.selenium.remote.ProtocolHandshake.lambda$createSession$0(ProtocolHandshake.java:122)
at java.util.stream.ReferencePipeline$3$1.accept(Unknown Source)
at java.util.Spliterators$ArraySpliterator.tryAdvance(Unknown Source)
at java.util.stream.ReferencePipeline.forEachWithCancel(Unknown Source)
at java.util.stream.AbstractPipeline.copyIntoWithCancel(Unknown Source)
at java.util.stream.AbstractPipeline.copyInto(Unknown Source)
at java.util.stream.AbstractPipeline.wrapAndCopyInto(Unknown Source)
at java.util.stream.FindOps$FindOp.evaluateSequential(Unknown Source)
at java.util.stream.AbstractPipeline.evaluate(Unknown Source)
at java.util.stream.ReferencePipeline.findFirst(Unknown Source)
at org.openqa.selenium.remote.ProtocolHandshake.createSession(ProtocolHandshake.java:125)
at org.openqa.selenium.remote.ProtocolHandshake.createSession(ProtocolHandshake.java:73)
at org.openqa.selenium.remote.HttpCommandExecutor.execute(HttpCommandExecutor.java:136)
at org.openqa.selenium.remote.service.DriverCommandExecutor.execute(DriverCommandExecutor.java:83)
at org.openqa.selenium.remote.RemoteWebDriver.execute(RemoteWebDriver.java:548)
at org.openqa.selenium.remote.RemoteWebDriver.startSession(RemoteWebDriver.java:212)
at org.openqa.selenium.remote.RemoteWebDriver.<init>(RemoteWebDriver.java:130)
at org.openqa.selenium.chrome.ChromeDriver.<init>(ChromeDriver.java:181)
at org.openqa.selenium.chrome.ChromeDriver.<init>(ChromeDriver.java:168)
at org.openqa.selenium.chrome.ChromeDriver.<init>(ChromeDriver.java:123)
at com.crxmarkets.dev.qa2.base.BrowserDriverFactory.createDriver(BrowserDriverFactory.java:30)
at com.crxmarkets.dev.qa2.base.BaseTest.setUp(BaseTest.java:40)
at java.util.concurrent.FutureTask.run(Unknown Source)
at java.util.concurrent.ThreadPoolExecutor.runWorker(Unknown Source)
at java.util.concurrent.ThreadPoolExecutor$Worker.run(Unknown Source)
at java.lang.Thread.run(Unknown Source)
... Removed 23 stack frames]]>
    </failure>
  </testcase> <!-- @BeforeMethod setUp -->
  <testcase name="@AfterMethod tearDown" time="0.001" classname="com.crxmarkets.dev.qa2.base.BaseTest">
    <failure type="java.lang.NullPointerException">
      <![CDATA[java.lang.NullPointerException
at com.crxmarkets.dev.qa2.base.BaseTest.tearDown(BaseTest.java:59)
at java.util.concurrent.FutureTask.run(Unknown Source)
at java.util.concurrent.ThreadPoolExecutor.runWorker(Unknown Source)
at java.util.concurrent.ThreadPoolExecutor$Worker.run(Unknown Source)
at java.lang.Thread.run(Unknown Source)
... Removed 19 stack frames]]>
    </failure>
  </testcase> <!-- @AfterMethod tearDown -->
  <testcase name="@BeforeMethod setUp" time="1.113" classname="com.crxmarkets.dev.qa2.base.BaseTest">
    <failure type="org.openqa.selenium.SessionNotCreatedException" message="session not created: This version of ChromeDriver only supports Chrome version 81
Build info: version: &amp;apos;3.14.0&amp;apos;, revision: &amp;apos;aacccce0&amp;apos;, time: &amp;apos;2018-08-02T20:19:58.91Z&amp;apos;
System info: host: &amp;apos;DESKTOP-U08CU62&amp;apos;, ip: &amp;apos;192.168.1.33&amp;apos;, os.name: &amp;apos;Windows 10&amp;apos;, os.arch: &amp;apos;amd64&amp;apos;, os.version: &amp;apos;10.0&amp;apos;, java.version: &amp;apos;1.8.0_251&amp;apos;
Driver info: driver.version: ChromeDriver
remote stacktrace: Backtrace:
	Ordinal0 [0x005F5F73+2449267]
	Ordinal0 [0x00528361+1606497]
	Ordinal0 [0x0041F969+522601]
	Ordinal0 [0x003B05F3+67059]
	Ordinal0 [0x003ACD92+52626]
	Ordinal0 [0x003CC127+180519]
	Ordinal0 [0x003CBF2D+180013]
	Ordinal0 [0x003C9E5B+171611]
	Ordinal0 [0x003B1DD8+73176]
	Ordinal0 [0x003B2E50+77392]
	Ordinal0 [0x003B2DE9+77289]
	Ordinal0 [0x0053D8D7+1693911]
	GetHandleVerifier [0x00694036+522726]
	GetHandleVerifier [0x00693D74+522020]
	GetHandleVerifier [0x006A9187+609079]
	GetHandleVerifier [0x006948A6+524886]
	Ordinal0 [0x00535CBC+1662140]
	Ordinal0 [0x0053F23B+1700411]
	Ordinal0 [0x0053F3A3+1700771]
	Ordinal0 [0x00555215+1790485]
	BaseThreadInitThunk [0x76326359+25]
	RtlGetAppContainerNamedObjectPath [0x774C7C24+228]
	RtlGetAppContainerNamedObjectPath [0x774C7BF4+180]
">
      <![CDATA[org.openqa.selenium.SessionNotCreatedException: session not created: This version of ChromeDriver only supports Chrome version 81
Build info: version: '3.14.0', revision: 'aacccce0', time: '2018-08-02T20:19:58.91Z'
System info: host: 'DESKTOP-U08CU62', ip: '192.168.1.33', os.name: 'Windows 10', os.arch: 'amd64', os.version: '10.0', java.version: '1.8.0_251'
Driver info: driver.version: ChromeDriver
remote stacktrace: Backtrace:
Ordinal0 [0x005F5F73+2449267]
Ordinal0 [0x00528361+1606497]
Ordinal0 [0x0041F969+522601]
Ordinal0 [0x003B05F3+67059]
Ordinal0 [0x003ACD92+52626]
Ordinal0 [0x003CC127+180519]
Ordinal0 [0x003CBF2D+180013]
Ordinal0 [0x003C9E5B+171611]
Ordinal0 [0x003B1DD8+73176]
Ordinal0 [0x003B2E50+77392]
Ordinal0 [0x003B2DE9+77289]
Ordinal0 [0x0053D8D7+1693911]
GetHandleVerifier [0x00694036+522726]
GetHandleVerifier [0x00693D74+522020]
GetHandleVerifier [0x006A9187+609079]
GetHandleVerifier [0x006948A6+524886]
Ordinal0 [0x00535CBC+1662140]
Ordinal0 [0x0053F23B+1700411]
Ordinal0 [0x0053F3A3+1700771]
Ordinal0 [0x00555215+1790485]
BaseThreadInitThunk [0x76326359+25]
RtlGetAppContainerNamedObjectPath [0x774C7C24+228]
RtlGetAppContainerNamedObjectPath [0x774C7BF4+180]

at org.openqa.selenium.remote.W3CHandshakeResponse.lambda$new$0(W3CHandshakeResponse.java:57)
at org.openqa.selenium.remote.W3CHandshakeResponse.lambda$getResponseFunction$2(W3CHandshakeResponse.java:104)
at org.openqa.selenium.remote.ProtocolHandshake.lambda$createSession$0(ProtocolHandshake.java:122)
at java.util.stream.ReferencePipeline$3$1.accept(Unknown Source)
at java.util.Spliterators$ArraySpliterator.tryAdvance(Unknown Source)
at java.util.stream.ReferencePipeline.forEachWithCancel(Unknown Source)
at java.util.stream.AbstractPipeline.copyIntoWithCancel(Unknown Source)
at java.util.stream.AbstractPipeline.copyInto(Unknown Source)
at java.util.stream.AbstractPipeline.wrapAndCopyInto(Unknown Source)
at java.util.stream.FindOps$FindOp.evaluateSequential(Unknown Source)
at java.util.stream.AbstractPipeline.evaluate(Unknown Source)
at java.util.stream.ReferencePipeline.findFirst(Unknown Source)
at org.openqa.selenium.remote.ProtocolHandshake.createSession(ProtocolHandshake.java:125)
at org.openqa.selenium.remote.ProtocolHandshake.createSession(ProtocolHandshake.java:73)
at org.openqa.selenium.remote.HttpCommandExecutor.execute(HttpCommandExecutor.java:136)
at org.openqa.selenium.remote.service.DriverCommandExecutor.execute(DriverCommandExecutor.java:83)
at org.openqa.selenium.remote.RemoteWebDriver.execute(RemoteWebDriver.java:548)
at org.openqa.selenium.remote.RemoteWebDriver.startSession(RemoteWebDriver.java:212)
at org.openqa.selenium.remote.RemoteWebDriver.<init>(RemoteWebDriver.java:130)
at org.openqa.selenium.chrome.ChromeDriver.<init>(ChromeDriver.java:181)
at org.openqa.selenium.chrome.ChromeDriver.<init>(ChromeDriver.java:168)
at org.openqa.selenium.chrome.ChromeDriver.<init>(ChromeDriver.java:123)
at com.crxmarkets.dev.qa2.base.BrowserDriverFactory.createDriver(BrowserDriverFactory.java:30)
at com.crxmarkets.dev.qa2.base.BaseTest.setUp(BaseTest.java:40)
at java.util.concurrent.FutureTask.run(Unknown Source)
at java.util.concurrent.ThreadPoolExecutor.runWorker(Unknown Source)
at java.util.concurrent.ThreadPoolExecutor$Worker.run(Unknown Source)
at java.lang.Thread.run(Unknown Source)
... Removed 23 stack frames]]>
    </failure>
  </testcase> <!-- @BeforeMethod setUp -->
  <testcase name="@AfterMethod tearDown" time="0.001" classname="com.crxmarkets.dev.qa2.base.BaseTest">
    <failure type="java.lang.NullPointerException">
      <![CDATA[java.lang.NullPointerException
at com.crxmarkets.dev.qa2.base.BaseTest.tearDown(BaseTest.java:59)
at java.util.concurrent.FutureTask.run(Unknown Source)
at java.util.concurrent.ThreadPoolExecutor.runWorker(Unknown Source)
at java.util.concurrent.ThreadPoolExecutor$Worker.run(Unknown Source)
at java.lang.Thread.run(Unknown Source)
... Removed 19 stack frames]]>
    </failure>
  </testcase> <!-- @AfterMethod tearDown -->
  <testcase name="negativeLoginTest" time="0.0" classname="com.crxmarkets.dev.qa2.loginpagetests.LoginTests">
    <skipped/>
  </testcase> <!-- negativeLoginTest -->
  <testcase name="negativeLoginTest" time="0.0" classname="com.crxmarkets.dev.qa2.loginpagetests.LoginTests">
    <skipped/>
  </testcase> <!-- negativeLoginTest -->
  <testcase name="negativeLoginTest" time="0.0" classname="com.crxmarkets.dev.qa2.loginpagetests.LoginTests">
    <skipped/>
  </testcase> <!-- negativeLoginTest -->
  <testcase name="negativeLoginTest" time="0.0" classname="com.crxmarkets.dev.qa2.loginpagetests.LoginTests">
    <skipped/>
  </testcase> <!-- negativeLoginTest -->
  <testcase name="negativeLoginTest" time="0.0" classname="com.crxmarkets.dev.qa2.loginpagetests.LoginTests">
    <skipped/>
  </testcase> <!-- negativeLoginTest -->
  <testcase name="PositiveLoginTest" time="0.0" classname="com.crxmarkets.dev.qa2.loginpagetests.LoginTests">
    <ignored/>
  </testcase> <!-- PositiveLoginTest -->
</testsuite> <!-- NegativeLoginTest-CH -->
