<?xml version="1.0" encoding="UTF-8"?>
<!-- Generated by org.testng.reporters.JUnitXMLReporter -->
<testsuite hostname="DESKTOP-U08CU62" ignored="1" name="verifyManageOnboardingPage-iOS" tests="1" failures="1" timestamp="19 мая 2020 08:22:22 GMT" time="21.247" errors="0">
  <testcase name="verifyManageOnboardingPage" time="13.723" classname="com.crxmarkets.dev.qa2.OnboardingTests">
    <failure type="org.openqa.selenium.TimeoutException" message="Expected condition failed: waiting for visibility of element located by By.xpath: //a[@id=&amp;apos;mainMenu:crxSuppliersOnboardingItem&amp;apos;] (tried for 5 second(s) with 500 milliseconds interval)">
      <![CDATA[org.openqa.selenium.TimeoutException: Expected condition failed: waiting for visibility of element located by By.xpath: //a[@id='mainMenu:crxSuppliersOnboardingItem'] (tried for 5 second(s) with 500 milliseconds interval)
at org.openqa.selenium.support.ui.WebDriverWait.timeoutException(WebDriverWait.java:113)
at org.openqa.selenium.support.ui.FluentWait.until(FluentWait.java:283)
at com.crxmarkets.dev.qa2.pages.BasePageObject.waitFor(BasePageObject.java:77)
at com.crxmarkets.dev.qa2.pages.BasePageObject.waitForVisibilityOf(BasePageObject.java:88)
at com.crxmarkets.dev.qa2.pages.BasePageObject.click(BasePageObject.java:61)
at com.crxmarkets.dev.qa2.pages.HomePage.openOnboardingPage(HomePage.java:34)
at com.crxmarkets.dev.qa2.OnboardingTests.verifyManageOnboardingPage(OnboardingTests.java:68)
at java.util.concurrent.FutureTask.run(Unknown Source)
at java.util.concurrent.ThreadPoolExecutor.runWorker(Unknown Source)
at java.util.concurrent.ThreadPoolExecutor$Worker.run(Unknown Source)
at java.lang.Thread.run(Unknown Source)
Caused by: org.openqa.selenium.NoSuchElementException: Cannot locate an element using By.xpath: //a[@id='mainMenu:crxSuppliersOnboardingItem']
For documentation on this error, please visit: http://seleniumhq.org/exceptions/no_such_element.html
Build info: version: '3.14.0', revision: 'aacccce0', time: '2018-08-02T20:19:58.91Z'
System info: host: 'DESKTOP-U08CU62', ip: '192.168.1.35', os.name: 'Windows 10', os.arch: 'amd64', os.version: '10.0', java.version: '1.8.0_251'
Driver info: driver.version: unknown
at org.openqa.selenium.support.ui.ExpectedConditions.lambda$findElement$0(ExpectedConditions.java:896)
at java.util.Optional.orElseThrow(Unknown Source)
at org.openqa.selenium.support.ui.ExpectedConditions.findElement(ExpectedConditions.java:895)
at org.openqa.selenium.support.ui.ExpectedConditions.access$000(ExpectedConditions.java:44)
at org.openqa.selenium.support.ui.ExpectedConditions$7.apply(ExpectedConditions.java:206)
at org.openqa.selenium.support.ui.ExpectedConditions$7.apply(ExpectedConditions.java:202)
at org.openqa.selenium.support.ui.FluentWait.until(FluentWait.java:260)
... 25 more
... Removed 16 stack frames]]>
    </failure>
  </testcase> <!-- verifyManageOnboardingPage -->
  <testcase name="searchingCrxActionRequired" time="0.0" classname="com.crxmarkets.dev.qa2.OnboardingTests">
    <ignored/>
  </testcase> <!-- searchingCrxActionRequired -->
</testsuite> <!-- verifyManageOnboardingPage-iOS -->
