<?xml version="1.0" encoding="UTF-8"?>
<!-- Generated by org.testng.reporters.JUnitXMLReporter -->
<testsuite hostname="DESKTOP-U08CU62" ignored="1" name="PositiveLoginTest-WithProfile" tests="1" failures="1" timestamp="18 мая 2020 07:56:51 GMT" time="12.56" errors="0">
  <testcase name="PositiveLoginTest" time="5.465" classname="com.crxmarkets.dev.qa2.loginpagetests.LoginTests">
    <failure type="java.lang.AssertionError" message="The following asserts failed:
	Severe error: chrome-extension://nejjhhjbbdlbnpfhbclcilanmofmgdlk/index.html 0:0 Uncaught SyntaxError: Unexpected token &amp;lt; in JSON at position 0">
      <![CDATA[java.lang.AssertionError: The following asserts failed:
Severe error: chrome-extension://nejjhhjbbdlbnpfhbclcilanmofmgdlk/index.html 0:0 Uncaught SyntaxError: Unexpected token < in JSON at position 0
at com.crxmarkets.dev.qa2.loginpagetests.LoginTests.PositiveLoginTest(LoginTests.java:55)
... Removed 26 stack frames]]>
    </failure>
  </testcase> <!-- PositiveLoginTest -->
  <testcase name="negativeLoginTest" time="0.0" classname="com.crxmarkets.dev.qa2.loginpagetests.LoginTests">
    <ignored/>
  </testcase> <!-- negativeLoginTest -->
</testsuite> <!-- PositiveLoginTest-WithProfile -->
